# JRE version: OpenJDK Runtime Environment (8.0_292-b10) (build 1.8.0_292-8u292-b10-0ubuntu1~18.04-b10)
# Java VM: OpenJDK 64-Bit Server VM (25.292-b10 mixed mode linux-amd64 compressed oops)
Heap:
 PSYoungGen      total 1136640K, used 176497K [0x0000000580100000, 0x00000005cac00000, 0x0000000800000000)
  eden space 1049600K, 8% used [0x0000000580100000,0x0000000585861210,0x00000005c0200000)
  from space 87040K, 99% used [0x00000005c5700000,0x00000005cabfb218,0x00000005cac00000)
  to   space 87040K, 0% used [0x00000005c0200000,0x00000005c0200000,0x00000005c5700000)
 ParOldGen       total 1398272K, used 94568K [0x0000000080200000, 0x00000000d5780000, 0x0000000580100000)
  object space 1398272K, 6% used [0x0000000080200000,0x0000000085e5a0a0,0x00000000d5780000)
 Metaspace       used 14585K, capacity 14938K, committed 15232K, reserved 1062912K
  class space    used 1755K, capacity 1860K, committed 1920K, reserved 1048576K
GC Heap History (4 events):
Event: 1.340 GC heap before
{Heap before GC invocations=1 (full 0):
 PSYoungGen      total 611840K, used 524800K [0x0000000580100000, 0x00000005aab80000, 0x0000000800000000)
  eden space 524800K, 100% used [0x0000000580100000,0x00000005a0180000,0x00000005a0180000)
  from space 87040K, 0% used [0x00000005a5680000,0x00000005a5680000,0x00000005aab80000)
  to   space 87040K, 0% used [0x00000005a0180000,0x00000005a0180000,0x00000005a5680000)
 ParOldGen       total 1398272K, used 0K [0x0000000080200000, 0x00000000d5780000, 0x0000000580100000)
  object space 1398272K, 0% used [0x0000000080200000,0x0000000080200000,0x00000000d5780000)
 Metaspace       used 3026K, capacity 4566K, committed 4864K, reserved 1056768K
  class space    used 308K, capacity 390K, committed 512K, reserved 1048576K
Event: 1.381 GC heap after
Heap after GC invocations=1 (full 0):
 PSYoungGen      total 611840K, used 87027K [0x0000000580100000, 0x00000005cac00000, 0x0000000800000000)
  eden space 524800K, 0% used [0x0000000580100000,0x0000000580100000,0x00000005a0180000)
  from space 87040K, 99% used [0x00000005a0180000,0x00000005a567cd80,0x00000005a5680000)
  to   space 87040K, 0% used [0x00000005c5700000,0x00000005c5700000,0x00000005cac00000)
 ParOldGen       total 1398272K, used 2708K [0x0000000080200000, 0x00000000d5780000, 0x0000000580100000)
  object space 1398272K, 0% used [0x0000000080200000,0x00000000804a5090,0x00000000d5780000)
 Metaspace       used 3026K, capacity 4566K, committed 4864K, reserved 1056768K
  class space    used 308K, capacity 390K, committed 512K, reserved 1048576K
}
Event: 4.222 GC heap before
{Heap before GC invocations=2 (full 0):
 PSYoungGen      total 611840K, used 611827K [0x0000000580100000, 0x00000005cac00000, 0x0000000800000000)
  eden space 524800K, 100% used [0x0000000580100000,0x00000005a0180000,0x00000005a0180000)
  from space 87040K, 99% used [0x00000005a0180000,0x00000005a567cd80,0x00000005a5680000)
  to   space 87040K, 0% used [0x00000005c5700000,0x00000005c5700000,0x00000005cac00000)
 ParOldGen       total 1398272K, used 2708K [0x0000000080200000, 0x00000000d5780000, 0x0000000580100000)
  object space 1398272K, 0% used [0x0000000080200000,0x00000000804a5090,0x00000000d5780000)
 Metaspace       used 14512K, capacity 14840K, committed 14976K, reserved 1062912K
  class space    used 1742K, capacity 1827K, committed 1920K, reserved 1048576K
Event: 4.371 GC heap after
Heap after GC invocations=2 (full 0):
 PSYoungGen      total 1136640K, used 87020K [0x0000000580100000, 0x00000005cac00000, 0x0000000800000000)
  eden space 1049600K, 0% used [0x0000000580100000,0x0000000580100000,0x00000005c0200000)
  from space 87040K, 99% used [0x00000005c5700000,0x00000005cabfb218,0x00000005cac00000)
  to   space 87040K, 0% used [0x00000005c0200000,0x00000005c0200000,0x00000005c5700000)
 ParOldGen       total 1398272K, used 94568K [0x0000000080200000, 0x00000000d5780000, 0x0000000580100000)
  object space 1398272K, 6% used [0x0000000080200000,0x0000000085e5a0a0,0x00000000d5780000)
 Metaspace       used 14512K, capacity 14840K, committed 14976K, reserved 1062912K
  class space    used 1742K, capacity 1827K, committed 1920K, reserved 1048576K
}

