# JRE version: OpenJDK Runtime Environment (8.0_292-b10) (build 1.8.0_292-8u292-b10-0ubuntu1~18.04-b10)
# Java VM: OpenJDK 64-Bit Server VM (25.292-b10 mixed mode linux-amd64 compressed oops)
Heap:
 PSYoungGen      total 1136640K, used 438317K [0x0000000580100000, 0x00000005cac00000, 0x0000000800000000)
  eden space 1049600K, 33% used [0x0000000580100000,0x000000059580cf38,0x00000005c0200000)
  from space 87040K, 99% used [0x00000005c5700000,0x00000005cabfe5e0,0x00000005cac00000)
  to   space 87040K, 0% used [0x00000005c0200000,0x00000005c0200000,0x00000005c5700000)
 ParOldGen       total 1398272K, used 72784K [0x0000000080200000, 0x00000000d5780000, 0x0000000580100000)
  object space 1398272K, 5% used [0x0000000080200000,0x00000000849140a0,0x00000000d5780000)
 Metaspace       used 14609K, capacity 14938K, committed 15232K, reserved 1062912K
  class space    used 1756K, capacity 1860K, committed 1920K, reserved 1048576K
GC Heap History (4 events):
Event: 1.282 GC heap before
{Heap before GC invocations=1 (full 0):
 PSYoungGen      total 611840K, used 524800K [0x0000000580100000, 0x00000005aab80000, 0x0000000800000000)
  eden space 524800K, 100% used [0x0000000580100000,0x00000005a0180000,0x00000005a0180000)
  from space 87040K, 0% used [0x00000005a5680000,0x00000005a5680000,0x00000005aab80000)
  to   space 87040K, 0% used [0x00000005a0180000,0x00000005a0180000,0x00000005a5680000)
 ParOldGen       total 1398272K, used 0K [0x0000000080200000, 0x00000000d5780000, 0x0000000580100000)
  object space 1398272K, 0% used [0x0000000080200000,0x0000000080200000,0x00000000d5780000)
 Metaspace       used 3025K, capacity 4566K, committed 4864K, reserved 1056768K
  class space    used 308K, capacity 390K, committed 512K, reserved 1048576K
Event: 1.336 GC heap after
Heap after GC invocations=1 (full 0):
 PSYoungGen      total 611840K, used 87011K [0x0000000580100000, 0x00000005cac00000, 0x0000000800000000)
  eden space 524800K, 0% used [0x0000000580100000,0x0000000580100000,0x00000005a0180000)
  from space 87040K, 99% used [0x00000005a0180000,0x00000005a5678ca0,0x00000005a5680000)
  to   space 87040K, 0% used [0x00000005c5700000,0x00000005c5700000,0x00000005cac00000)
 ParOldGen       total 1398272K, used 928K [0x0000000080200000, 0x00000000d5780000, 0x0000000580100000)
  object space 1398272K, 0% used [0x0000000080200000,0x00000000802e8020,0x00000000d5780000)
 Metaspace       used 3025K, capacity 4566K, committed 4864K, reserved 1056768K
  class space    used 308K, capacity 390K, committed 512K, reserved 1048576K
}
Event: 4.000 GC heap before
{Heap before GC invocations=2 (full 0):
 PSYoungGen      total 611840K, used 611811K [0x0000000580100000, 0x00000005cac00000, 0x0000000800000000)
  eden space 524800K, 100% used [0x0000000580100000,0x00000005a0180000,0x00000005a0180000)
  from space 87040K, 99% used [0x00000005a0180000,0x00000005a5678ca0,0x00000005a5680000)
  to   space 87040K, 0% used [0x00000005c5700000,0x00000005c5700000,0x00000005cac00000)
 ParOldGen       total 1398272K, used 928K [0x0000000080200000, 0x00000000d5780000, 0x0000000580100000)
  object space 1398272K, 0% used [0x0000000080200000,0x00000000802e8020,0x00000000d5780000)
 Metaspace       used 14582K, capacity 14938K, committed 15232K, reserved 1062912K
  class space    used 1752K, capacity 1860K, committed 1920K, reserved 1048576K
Event: 4.070 GC heap after
Heap after GC invocations=2 (full 0):
 PSYoungGen      total 1136640K, used 87033K [0x0000000580100000, 0x00000005cac00000, 0x0000000800000000)
  eden space 1049600K, 0% used [0x0000000580100000,0x0000000580100000,0x00000005c0200000)
  from space 87040K, 99% used [0x00000005c5700000,0x00000005cabfe5e0,0x00000005cac00000)
  to   space 87040K, 0% used [0x00000005c0200000,0x00000005c0200000,0x00000005c5700000)
 ParOldGen       total 1398272K, used 72784K [0x0000000080200000, 0x00000000d5780000, 0x0000000580100000)
  object space 1398272K, 5% used [0x0000000080200000,0x00000000849140a0,0x00000000d5780000)
 Metaspace       used 14582K, capacity 14938K, committed 15232K, reserved 1062912K
  class space    used 1752K, capacity 1860K, committed 1920K, reserved 1048576K
}

